<?xml version="1.0" encoding="UTF-8"?>
<!-- Generated by org.testng.reporters.JUnitReportReporter -->
<testsuite hostname="DESKTOP-VDSA3OS" failures="0" tests="1" name="jspabc.B16_Print_AllLinks" time="4.963" errors="0" timestamp="2024-05-26T16:40:52 IST" skipped="0">
  <testcase classname="jspabc.B16_Print_AllLinks" name="links" time="4.963"/>
  <system-out/>
</testsuite> <!-- jspabc.B16_Print_AllLinks -->
