<?xml version="1.0" encoding="UTF-8"?>
<!-- Generated by org.testng.reporters.JUnitReportReporter -->
<testsuite hostname="DESKTOP-VDSA3OS" failures="0" tests="1" name="jspabc.B14_Flipkart_Generic" time="43.638" errors="0" timestamp="2024-05-25T23:22:52 IST" skipped="0">
  <testcase classname="jspabc.B14_Flipkart_Generic" name="clickable" time="43.638"/>
  <system-out/>
</testsuite> <!-- jspabc.B14_Flipkart_Generic -->
