<?xml version="1.0" encoding="UTF-8"?>
<!-- Generated by org.testng.reporters.JUnitReportReporter -->
<testsuite hostname="DESKTOP-VDSA3OS" failures="0" tests="1" name="jspabc.A2_MouseOverActions" time="7.718" errors="0" timestamp="2024-06-09T10:56:15 IST" skipped="0">
  <testcase classname="jspabc.A2_MouseOverActions" name="mouseover" time="7.718"/>
  <system-out/>
</testsuite> <!-- jspabc.A2_MouseOverActions -->
