<?xml version="1.0" encoding="UTF-8"?>
<!-- Generated by org.testng.reporters.JUnitReportReporter -->
<testsuite hostname="DESKTOP-VDSA3OS" failures="0" tests="1" name="aqaclass.A2_MouseOverActions" time="10.053" errors="0" timestamp="2024-05-21T15:02:13 IST" skipped="0">
  <testcase classname="aqaclass.A2_MouseOverActions" name="mouseover" time="10.053"/>
  <system-out/>
</testsuite> <!-- aqaclass.A2_MouseOverActions -->
