<?xml version="1.0" encoding="UTF-8"?>
<!-- Generated by org.testng.reporters.JUnitReportReporter -->
<testsuite hostname="DESKTOP-VDSA3OS" failures="0" tests="1" name="techcse.B10_AutoIt" time="3.209" errors="0" timestamp="2024-05-23T16:59:51 IST" skipped="0">
  <testcase classname="techcse.B10_AutoIt" name="operations" time="3.209"/>
  <system-out/>
</testsuite> <!-- techcse.B10_AutoIt -->
