<?xml version="1.0" encoding="UTF-8"?>
<!-- Generated by org.testng.reporters.JUnitReportReporter -->
<testsuite hostname="DESKTOP-VDSA3OS" failures="0" tests="1" name="jspabc.B19_XLSX" time="17.351" errors="0" timestamp="2024-06-03T20:36:47 IST" skipped="0">
  <testcase classname="jspabc.B19_XLSX" name="XLSX" time="17.351"/>
  <system-out/>
</testsuite> <!-- jspabc.B19_XLSX -->
