<?xml version="1.0" encoding="UTF-8"?>
<!-- Generated by org.testng.reporters.JUnitReportReporter -->
<testsuite hostname="DESKTOP-VDSA3OS" failures="0" tests="1" name="automationclasses.B11_Array" time="20.259" errors="0" timestamp="2024-05-25T00:30:59 IST" skipped="0">
  <testcase classname="automationclasses.B11_Array" name="functionality" time="20.259"/>
  <system-out/>
</testsuite> <!-- automationclasses.B11_Array -->
