<?xml version="1.0" encoding="UTF-8"?>
<!-- Generated by org.testng.reporters.JUnitReportReporter -->
<testsuite hostname="DESKTOP-VDSA3OS" failures="0" tests="1" name="jspabc.B18_DataDriven" time="14.538" errors="0" timestamp="2024-06-03T19:38:54 IST" skipped="0">
  <testcase classname="jspabc.B18_DataDriven" name="data" time="14.538"/>
  <system-out/>
</testsuite> <!-- jspabc.B18_DataDriven -->
