<?xml version="1.0" encoding="UTF-8"?>
<!-- Generated by org.testng.reporters.JUnitReportReporter -->
<testsuite hostname="DESKTOP-VDSA3OS" failures="0" tests="1" name="jspabc.B20_ScroolBar_Element" time="3.137" errors="0" timestamp="2024-05-26T16:05:32 IST" skipped="0">
  <testcase classname="jspabc.B20_ScroolBar_Element" name="Scrollflow" time="3.137"/>
  <system-out/>
</testsuite> <!-- jspabc.B20_ScroolBar_Element -->
