<?xml version="1.0" encoding="UTF-8"?>
<!-- Generated by org.testng.reporters.JUnitReportReporter -->
<testsuite hostname="DESKTOP-VDSA3OS" failures="0" tests="1" name="jspabc.B15_Frames" time="4.507" errors="0" timestamp="2024-05-26T14:11:32 IST" skipped="0">
  <testcase classname="jspabc.B15_Frames" name="clickaable" time="4.507"/>
  <system-out/>
</testsuite> <!-- jspabc.B15_Frames -->
