<?xml version="1.0" encoding="UTF-8"?>
<!-- Generated by org.testng.reporters.JUnitReportReporter -->
<testsuite hostname="DESKTOP-VDSA3OS" failures="0" tests="1" name="jspabc.A1_Alerts" time="2.234" errors="0" timestamp="2024-05-28T14:37:39 IST" skipped="0">
  <testcase classname="jspabc.A1_Alerts" name="handlingalerts" time="2.234"/>
  <system-out/>
</testsuite> <!-- jspabc.A1_Alerts -->
