<?xml version="1.0" encoding="UTF-8"?>
<!-- Generated by org.testng.reporters.JUnitReportReporter -->
<testsuite hostname="DESKTOP-VDSA3OS" failures="0" tests="1" name="vbbgroup.A7_INR_optionsvalidation" time="1.584" errors="0" timestamp="2024-05-22T17:36:54 IST" skipped="0">
  <testcase classname="vbbgroup.A7_INR_optionsvalidation" name="options" time="1.584"/>
  <system-out/>
</testsuite> <!-- vbbgroup.A7_INR_optionsvalidation -->
