<?xml version="1.0" encoding="UTF-8"?>
<!-- Generated by org.testng.reporters.JUnitReportReporter -->
<testsuite hostname="DESKTOP-VDSA3OS" failures="0" tests="1" name="programesbasic.facebook" time="0.012" errors="0" timestamp="2024-05-20T20:24:22 IST" skipped="0">
  <testcase classname="programesbasic.facebook" name="f" time="0.012"/>
  <system-out/>
</testsuite> <!-- programesbasic.facebook -->
