<?xml version="1.0" encoding="UTF-8"?>
<!-- Generated by org.testng.reporters.JUnitReportReporter -->
<testsuite hostname="DESKTOP-VDSA3OS" failures="0" tests="1" name="jspabc.B11_Array" time="35.639" errors="0" timestamp="2024-05-26T16:46:45 IST" skipped="0">
  <testcase classname="jspabc.B11_Array" name="functionality" time="35.639"/>
  <system-out/>
</testsuite> <!-- jspabc.B11_Array -->
