<?xml version="1.0" encoding="UTF-8"?>
<!-- Generated by org.testng.reporters.JUnitReportReporter -->
<testsuite hostname="DESKTOP-VDSA3OS" failures="0" tests="1" name="softwarecse.A6_FirstSelectedOption" time="0.714" errors="0" timestamp="2024-05-22T16:43:30 IST" skipped="0">
  <testcase classname="softwarecse.A6_FirstSelectedOption" name="options" time="0.714"/>
  <system-out/>
</testsuite> <!-- softwarecse.A6_FirstSelectedOption -->
