<?xml version="1.0" encoding="UTF-8"?>
<!-- Generated by org.testng.reporters.JUnitReportReporter -->
<testsuite hostname="DESKTOP-VDSA3OS" failures="0" tests="3" name="commands.A4_informationcommands" time="9.249" errors="0" timestamp="2024-05-22T15:57:00 IST" skipped="0">
  <testcase classname="commands.A4_informationcommands" name="gmail" time="3.097"/>
  <system-out/>
  <testcase classname="commands.A4_informationcommands" name="google_image" time="3.084"/>
  <system-out/>
  <testcase classname="commands.A4_informationcommands" name="searchbutton" time="3.068"/>
  <system-out/>
</testsuite> <!-- commands.A4_informationcommands -->
