<?xml version="1.0" encoding="UTF-8"?>
<!-- Generated by org.testng.reporters.JUnitReportReporter -->
<testsuite hostname="DESKTOP-VDSA3OS" failures="0" tests="1" name="bbcclass.A8_Boolean_Oneway" time="0.244" errors="0" timestamp="2024-05-23T13:47:03 IST" skipped="0">
  <testcase classname="bbcclass.A8_Boolean_Oneway" name="Roundtrip" time="0.244"/>
  <system-out/>
</testsuite> <!-- bbcclass.A8_Boolean_Oneway -->
